[0.399s] Invoking command in '/home/shrikar/Harley_ROS/build/my_package': PYTHONPATH=/home/shrikar/Harley_ROS/build/my_package/prefix_override:/home/shrikar/Harley_ROS/install/my_package/lib/python3.10/site-packages:${PYTHONPATH} /usr/bin/python3 setup.py develop --editable --build-directory /home/shrikar/Harley_ROS/build/my_package/build --no-deps install_data
[0.556s] running develop
[0.556s] /usr/lib/python3/dist-packages/setuptools/command/easy_install.py:158: EasyInstallDeprecationWarning: easy_install command is deprecated. Use build and pip and other standards-based tools.
[0.556s]   warnings.warn(
[0.557s] /usr/lib/python3/dist-packages/setuptools/command/install.py:34: SetuptoolsDeprecationWarning: setup.py install is deprecated. Use build and pip and other standards-based tools.
[0.557s]   warnings.warn(
[0.635s] running egg_info
[0.635s] writing my_package.egg-info/PKG-INFO
[0.635s] writing dependency_links to my_package.egg-info/dependency_links.txt
[0.635s] writing entry points to my_package.egg-info/entry_points.txt
[0.635s] writing requirements to my_package.egg-info/requires.txt
[0.636s] writing top-level names to my_package.egg-info/top_level.txt
[0.637s] reading manifest file 'my_package.egg-info/SOURCES.txt'
[0.637s] writing manifest file 'my_package.egg-info/SOURCES.txt'
[0.638s] running build_ext
[0.638s] Creating /home/shrikar/Harley_ROS/install/my_package/lib/python3.10/site-packages/my-package.egg-link (link to .)
[0.639s] Installing base_node script to /home/shrikar/Harley_ROS/install/my_package/lib/my_package
[0.639s] Installing hello script to /home/shrikar/Harley_ROS/install/my_package/lib/my_package
[0.639s] Installing logger_node script to /home/shrikar/Harley_ROS/install/my_package/lib/my_package
[0.639s] Installing my_counter script to /home/shrikar/Harley_ROS/install/my_package/lib/my_package
[0.639s] Installing my_increment script to /home/shrikar/Harley_ROS/install/my_package/lib/my_package
[0.639s] Installing my_subscribe script to /home/shrikar/Harley_ROS/install/my_package/lib/my_package
[0.639s] 
[0.639s] Installed /home/shrikar/Harley_ROS/build/my_package
[0.639s] running install_data
[0.669s] Invoked command in '/home/shrikar/Harley_ROS/build/my_package' returned '0': PYTHONPATH=/home/shrikar/Harley_ROS/build/my_package/prefix_override:/home/shrikar/Harley_ROS/install/my_package/lib/python3.10/site-packages:${PYTHONPATH} /usr/bin/python3 setup.py develop --editable --build-directory /home/shrikar/Harley_ROS/build/my_package/build --no-deps install_data
