[0.433s] Invoking command in '/home/shrikar/Shriks_ROSFC/build/my_package': PYTHONPATH=/home/shrikar/Shriks_ROSFC/build/my_package/prefix_override:/home/shrikar/Shriks_ROSFC/install/my_package/lib/python3.10/site-packages:${PYTHONPATH} /usr/bin/python3 setup.py develop --editable --build-directory /home/shrikar/Shriks_ROSFC/build/my_package/build --no-deps install_data
[0.602s] running develop
[0.602s] /usr/lib/python3/dist-packages/setuptools/command/easy_install.py:158: EasyInstallDeprecationWarning: easy_install command is deprecated. Use build and pip and other standards-based tools.
[0.602s]   warnings.warn(
[0.603s] /usr/lib/python3/dist-packages/setuptools/command/install.py:34: SetuptoolsDeprecationWarning: setup.py install is deprecated. Use build and pip and other standards-based tools.
[0.603s]   warnings.warn(
[0.711s] running egg_info
[0.711s] writing my_package.egg-info/PKG-INFO
[0.712s] writing dependency_links to my_package.egg-info/dependency_links.txt
[0.712s] writing entry points to my_package.egg-info/entry_points.txt
[0.712s] writing requirements to my_package.egg-info/requires.txt
[0.712s] writing top-level names to my_package.egg-info/top_level.txt
[0.713s] reading manifest file 'my_package.egg-info/SOURCES.txt'
[0.714s] writing manifest file 'my_package.egg-info/SOURCES.txt'
[0.715s] running build_ext
[0.718s] Creating /home/shrikar/Shriks_ROSFC/install/my_package/lib/python3.10/site-packages/my-package.egg-link (link to .)
[0.718s] Installing base_node script to /home/shrikar/Shriks_ROSFC/install/my_package/lib/my_package
[0.718s] Installing hello script to /home/shrikar/Shriks_ROSFC/install/my_package/lib/my_package
[0.718s] Installing logger_node script to /home/shrikar/Shriks_ROSFC/install/my_package/lib/my_package
[0.718s] Installing my_counter script to /home/shrikar/Shriks_ROSFC/install/my_package/lib/my_package
[0.718s] Installing my_increment script to /home/shrikar/Shriks_ROSFC/install/my_package/lib/my_package
[0.718s] Installing my_subscribe script to /home/shrikar/Shriks_ROSFC/install/my_package/lib/my_package
[0.720s] 
[0.721s] Installed /home/shrikar/Shriks_ROSFC/build/my_package
[0.721s] running install_data
[0.737s] Invoked command in '/home/shrikar/Shriks_ROSFC/build/my_package' returned '0': PYTHONPATH=/home/shrikar/Shriks_ROSFC/build/my_package/prefix_override:/home/shrikar/Shriks_ROSFC/install/my_package/lib/python3.10/site-packages:${PYTHONPATH} /usr/bin/python3 setup.py develop --editable --build-directory /home/shrikar/Shriks_ROSFC/build/my_package/build --no-deps install_data
