[0.385s] DEBUG:colcon:Command line arguments: ['/usr/bin/colcon', 'list', '-p', '--base-paths', '/home/shrikar/Harley_ROS']
[0.385s] DEBUG:colcon:Parsed command line arguments: Namespace(log_base=None, log_level=None, verb_name='list', build_base='build', ignore_user_meta=False, metas=['./colcon.meta'], base_paths=['/home/shrikar/Harley_ROS'], packages_ignore=None, packages_ignore_regex=None, paths=None, packages_up_to=None, packages_up_to_regex=None, packages_above=None, packages_above_and_dependencies=None, packages_above_depth=None, packages_select_by_dep=None, packages_skip_by_dep=None, packages_skip_up_to=None, packages_select_build_failed=False, packages_skip_build_finished=False, packages_select_test_failures=False, packages_skip_test_passed=False, packages_select=None, packages_skip=None, packages_select_regex=None, packages_skip_regex=None, packages_start=None, packages_end=None, allow_overriding=[], topological_order=False, names_only=False, paths_only=True, topological_graph=False, topological_graph_dot=False, topological_graph_density=False, topological_graph_legend=False, topological_graph_dot_cluster=False, topological_graph_dot_include_skipped=False, verb_parser=<colcon_defaults.argument_parser.defaults.DefaultArgumentsDecorator object at 0xffff961ff820>, verb_extension=<colcon_package_information.verb.list.ListVerb object at 0xffff9647ce80>, main=<bound method ListVerb.main of <colcon_package_information.verb.list.ListVerb object at 0xffff9647ce80>>)
[0.449s] Level 1:colcon.colcon_core.package_discovery:discover_packages(colcon_meta) check parameters
[0.449s] Level 1:colcon.colcon_core.package_discovery:discover_packages(recursive) check parameters
[0.449s] Level 1:colcon.colcon_core.package_discovery:discover_packages(ignore) check parameters
[0.449s] Level 1:colcon.colcon_core.package_discovery:discover_packages(path) check parameters
[0.449s] Level 1:colcon.colcon_core.package_discovery:discover_packages(recursive) discover
[0.449s] INFO:colcon.colcon_core.package_discovery:Crawling recursively for packages in '/home/shrikar/Harley_ROS'
[0.449s] Level 1:colcon.colcon_core.package_identification:_identify(/home/shrikar/Harley_ROS) by extensions ['ignore', 'ignore_ament_install']
[0.449s] Level 1:colcon.colcon_core.package_identification:_identify(/home/shrikar/Harley_ROS) by extension 'ignore'
[0.449s] Level 1:colcon.colcon_core.package_identification:_identify(/home/shrikar/Harley_ROS) by extension 'ignore_ament_install'
[0.449s] Level 1:colcon.colcon_core.package_identification:_identify(/home/shrikar/Harley_ROS) by extensions ['colcon_pkg']
[0.449s] Level 1:colcon.colcon_core.package_identification:_identify(/home/shrikar/Harley_ROS) by extension 'colcon_pkg'
[0.449s] Level 1:colcon.colcon_core.package_identification:_identify(/home/shrikar/Harley_ROS) by extensions ['colcon_meta']
[0.449s] Level 1:colcon.colcon_core.package_identification:_identify(/home/shrikar/Harley_ROS) by extension 'colcon_meta'
[0.449s] Level 1:colcon.colcon_core.package_identification:_identify(/home/shrikar/Harley_ROS) by extensions ['ros']
[0.449s] Level 1:colcon.colcon_core.package_identification:_identify(/home/shrikar/Harley_ROS) by extension 'ros'
[0.490s] Level 1:colcon.colcon_core.package_identification:_identify(/home/shrikar/Harley_ROS) by extensions ['cmake', 'python']
[0.490s] Level 1:colcon.colcon_core.package_identification:_identify(/home/shrikar/Harley_ROS) by extension 'cmake'
[0.490s] Level 1:colcon.colcon_core.package_identification:_identify(/home/shrikar/Harley_ROS) by extension 'python'
[0.490s] Level 1:colcon.colcon_core.package_identification:_identify(/home/shrikar/Harley_ROS) by extensions ['python_setup_py']
[0.490s] Level 1:colcon.colcon_core.package_identification:_identify(/home/shrikar/Harley_ROS) by extension 'python_setup_py'
[0.490s] Level 1:colcon.colcon_core.package_identification:_identify(/home/shrikar/Harley_ROS/build) by extensions ['ignore', 'ignore_ament_install']
[0.490s] Level 1:colcon.colcon_core.package_identification:_identify(/home/shrikar/Harley_ROS/build) by extension 'ignore'
[0.490s] Level 1:colcon.colcon_core.package_identification:_identify(/home/shrikar/Harley_ROS/build) ignored
[0.491s] Level 1:colcon.colcon_core.package_identification:_identify(/home/shrikar/Harley_ROS/install) by extensions ['ignore', 'ignore_ament_install']
[0.491s] Level 1:colcon.colcon_core.package_identification:_identify(/home/shrikar/Harley_ROS/install) by extension 'ignore'
[0.491s] Level 1:colcon.colcon_core.package_identification:_identify(/home/shrikar/Harley_ROS/install) ignored
[0.491s] Level 1:colcon.colcon_core.package_identification:_identify(/home/shrikar/Harley_ROS/log) by extensions ['ignore', 'ignore_ament_install']
[0.491s] Level 1:colcon.colcon_core.package_identification:_identify(/home/shrikar/Harley_ROS/log) by extension 'ignore'
[0.491s] Level 1:colcon.colcon_core.package_identification:_identify(/home/shrikar/Harley_ROS/log) ignored
[0.491s] Level 1:colcon.colcon_core.package_identification:_identify(/home/shrikar/Harley_ROS/src) by extensions ['ignore', 'ignore_ament_install']
[0.491s] Level 1:colcon.colcon_core.package_identification:_identify(/home/shrikar/Harley_ROS/src) by extension 'ignore'
[0.491s] Level 1:colcon.colcon_core.package_identification:_identify(/home/shrikar/Harley_ROS/src) by extension 'ignore_ament_install'
[0.491s] Level 1:colcon.colcon_core.package_identification:_identify(/home/shrikar/Harley_ROS/src) by extensions ['colcon_pkg']
[0.491s] Level 1:colcon.colcon_core.package_identification:_identify(/home/shrikar/Harley_ROS/src) by extension 'colcon_pkg'
[0.491s] Level 1:colcon.colcon_core.package_identification:_identify(/home/shrikar/Harley_ROS/src) by extensions ['colcon_meta']
[0.491s] Level 1:colcon.colcon_core.package_identification:_identify(/home/shrikar/Harley_ROS/src) by extension 'colcon_meta'
[0.491s] Level 1:colcon.colcon_core.package_identification:_identify(/home/shrikar/Harley_ROS/src) by extensions ['ros']
[0.491s] Level 1:colcon.colcon_core.package_identification:_identify(/home/shrikar/Harley_ROS/src) by extension 'ros'
[0.491s] Level 1:colcon.colcon_core.package_identification:_identify(/home/shrikar/Harley_ROS/src) by extensions ['cmake', 'python']
[0.491s] Level 1:colcon.colcon_core.package_identification:_identify(/home/shrikar/Harley_ROS/src) by extension 'cmake'
[0.491s] Level 1:colcon.colcon_core.package_identification:_identify(/home/shrikar/Harley_ROS/src) by extension 'python'
[0.491s] Level 1:colcon.colcon_core.package_identification:_identify(/home/shrikar/Harley_ROS/src) by extensions ['python_setup_py']
[0.491s] Level 1:colcon.colcon_core.package_identification:_identify(/home/shrikar/Harley_ROS/src) by extension 'python_setup_py'
[0.491s] Level 1:colcon.colcon_core.package_identification:_identify(/home/shrikar/Harley_ROS/src/my_package) by extensions ['ignore', 'ignore_ament_install']
[0.491s] Level 1:colcon.colcon_core.package_identification:_identify(/home/shrikar/Harley_ROS/src/my_package) by extension 'ignore'
[0.491s] Level 1:colcon.colcon_core.package_identification:_identify(/home/shrikar/Harley_ROS/src/my_package) by extension 'ignore_ament_install'
[0.491s] Level 1:colcon.colcon_core.package_identification:_identify(/home/shrikar/Harley_ROS/src/my_package) by extensions ['colcon_pkg']
[0.491s] Level 1:colcon.colcon_core.package_identification:_identify(/home/shrikar/Harley_ROS/src/my_package) by extension 'colcon_pkg'
[0.491s] Level 1:colcon.colcon_core.package_identification:_identify(/home/shrikar/Harley_ROS/src/my_package) by extensions ['colcon_meta']
[0.491s] Level 1:colcon.colcon_core.package_identification:_identify(/home/shrikar/Harley_ROS/src/my_package) by extension 'colcon_meta'
[0.491s] Level 1:colcon.colcon_core.package_identification:_identify(/home/shrikar/Harley_ROS/src/my_package) by extensions ['ros']
[0.491s] Level 1:colcon.colcon_core.package_identification:_identify(/home/shrikar/Harley_ROS/src/my_package) by extension 'ros'
[0.500s] DEBUG:colcon.colcon_core.package_identification:Package '/home/shrikar/Harley_ROS/src/my_package' with type 'ros.ament_python' and name 'my_package'
[0.500s] Level 1:colcon.colcon_core.package_discovery:discover_packages(recursive) using defaults
