running develop
running egg_info
creating my_package.egg-info
writing my_package.egg-info/PKG-INFO
writing dependency_links to my_package.egg-info/dependency_links.txt
writing entry points to my_package.egg-info/entry_points.txt
writing requirements to my_package.egg-info/requires.txt
writing top-level names to my_package.egg-info/top_level.txt
writing manifest file 'my_package.egg-info/SOURCES.txt'
reading manifest file 'my_package.egg-info/SOURCES.txt'
writing manifest file 'my_package.egg-info/SOURCES.txt'
running build_ext
Creating /home/shrikar/Harley_ROS/install/my_package/lib/python3.10/site-packages/my-package.egg-link (link to .)

Installed /home/shrikar/Harley_ROS/build/my_package
running install_data
creating /home/shrikar/Harley_ROS/install/my_package/share/ament_index
creating /home/shrikar/Harley_ROS/install/my_package/share/ament_index/resource_index
creating /home/shrikar/Harley_ROS/install/my_package/share/ament_index/resource_index/packages
copying resource/my_package -> /home/shrikar/Harley_ROS/install/my_package/share/ament_index/resource_index/packages
copying package.xml -> /home/shrikar/Harley_ROS/install/my_package/share/my_package
